mode: atomic
github.com/benmorehouse/std/command/create/create.go:17.54,19.3 1 0
github.com/benmorehouse/std/command/create/create.go:22.84,24.16 2 4
github.com/benmorehouse/std/command/create/create.go:29.2,30.20 2 3
github.com/benmorehouse/std/command/create/create.go:37.2,37.34 1 3
github.com/benmorehouse/std/command/create/create.go:43.2,43.73 1 3
github.com/benmorehouse/std/command/create/create.go:46.2,46.12 1 3
github.com/benmorehouse/std/command/create/create.go:24.16,27.3 2 1
github.com/benmorehouse/std/command/create/create.go:30.20,33.3 2 1
github.com/benmorehouse/std/command/create/create.go:33.8,35.3 1 2
github.com/benmorehouse/std/command/create/create.go:37.34,41.3 3 1
github.com/benmorehouse/std/command/create/create.go:43.73,45.3 1 0
github.com/benmorehouse/std/command/delete/delete.go:16.54,18.3 1 0
github.com/benmorehouse/std/command/delete/delete.go:21.84,23.16 2 4
github.com/benmorehouse/std/command/delete/delete.go:27.2,28.20 2 3
github.com/benmorehouse/std/command/delete/delete.go:35.2,35.31 1 3
github.com/benmorehouse/std/command/delete/delete.go:41.2,41.46 1 3
github.com/benmorehouse/std/command/delete/delete.go:45.2,45.12 1 3
github.com/benmorehouse/std/command/delete/delete.go:23.16,25.3 1 1
github.com/benmorehouse/std/command/delete/delete.go:28.20,31.3 2 1
github.com/benmorehouse/std/command/delete/delete.go:31.8,33.3 1 2
github.com/benmorehouse/std/command/delete/delete.go:35.31,39.3 3 1
github.com/benmorehouse/std/command/delete/delete.go:41.46,43.3 1 0
github.com/benmorehouse/std/command/edit/edit.go:13.54,15.3 1 0
github.com/benmorehouse/std/command/edit/edit.go:18.84,20.16 2 4
github.com/benmorehouse/std/command/edit/edit.go:24.2,25.20 2 3
github.com/benmorehouse/std/command/edit/edit.go:32.2,32.29 1 3
github.com/benmorehouse/std/command/edit/edit.go:36.2,36.71 1 3
github.com/benmorehouse/std/command/edit/edit.go:40.2,40.12 1 3
github.com/benmorehouse/std/command/edit/edit.go:20.16,22.3 1 1
github.com/benmorehouse/std/command/edit/edit.go:25.20,28.3 2 1
github.com/benmorehouse/std/command/edit/edit.go:28.8,30.3 1 2
github.com/benmorehouse/std/command/edit/edit.go:32.29,34.3 1 0
github.com/benmorehouse/std/command/edit/edit.go:36.71,38.3 1 0
github.com/benmorehouse/std/command/list/list.go:16.47,18.3 1 0
github.com/benmorehouse/std/command/list/list.go:21.67,23.16 2 2
github.com/benmorehouse/std/command/list/list.go:28.2,30.8 3 1
github.com/benmorehouse/std/command/list/list.go:23.16,26.3 2 1
github.com/benmorehouse/std/configs/configs.go:51.13,52.48 1 1
github.com/benmorehouse/std/configs/configs.go:56.2,56.36 1 1
github.com/benmorehouse/std/configs/configs.go:60.2,60.44 1 1
github.com/benmorehouse/std/configs/configs.go:52.48,54.3 1 0
github.com/benmorehouse/std/configs/configs.go:56.36,58.3 1 0
github.com/benmorehouse/std/configs/configs.go:60.44,62.3 1 0
github.com/benmorehouse/std/configs/configs.go:65.36,67.16 2 3
github.com/benmorehouse/std/configs/configs.go:71.2,73.24 3 3
github.com/benmorehouse/std/configs/configs.go:77.2,84.12 7 3
github.com/benmorehouse/std/configs/configs.go:67.16,69.3 1 0
github.com/benmorehouse/std/configs/configs.go:73.24,75.3 1 2
github.com/benmorehouse/std/configs/configs.go:87.24,88.79 1 3
github.com/benmorehouse/std/configs/configs.go:91.2,91.78 1 3
github.com/benmorehouse/std/configs/configs.go:94.2,94.78 1 3
github.com/benmorehouse/std/configs/configs.go:97.2,97.73 1 3
github.com/benmorehouse/std/configs/configs.go:100.2,100.79 1 3
github.com/benmorehouse/std/configs/configs.go:103.2,103.12 1 3
github.com/benmorehouse/std/configs/configs.go:88.79,90.3 1 0
github.com/benmorehouse/std/configs/configs.go:91.78,93.3 1 0
github.com/benmorehouse/std/configs/configs.go:94.78,96.3 1 0
github.com/benmorehouse/std/configs/configs.go:97.73,99.3 1 0
github.com/benmorehouse/std/configs/configs.go:100.79,102.3 1 0
github.com/benmorehouse/std/configs/configs.go:106.32,108.16 2 2
github.com/benmorehouse/std/configs/configs.go:115.2,115.59 1 2
github.com/benmorehouse/std/configs/configs.go:118.2,118.12 1 2
github.com/benmorehouse/std/configs/configs.go:108.16,109.67 1 0
github.com/benmorehouse/std/configs/configs.go:112.3,112.13 1 0
github.com/benmorehouse/std/configs/configs.go:109.67,111.4 1 0
github.com/benmorehouse/std/configs/configs.go:115.59,117.3 1 0
github.com/benmorehouse/std/configs/configs.go:122.54,123.72 1 1
github.com/benmorehouse/std/configs/configs.go:127.2,128.16 2 1
github.com/benmorehouse/std/configs/configs.go:132.2,132.73 1 1
github.com/benmorehouse/std/configs/configs.go:136.2,136.12 1 1
github.com/benmorehouse/std/configs/configs.go:123.72,125.3 1 0
github.com/benmorehouse/std/configs/configs.go:128.16,130.3 1 0
github.com/benmorehouse/std/configs/configs.go:132.73,134.3 1 0
github.com/benmorehouse/std/command/password/password.go:18.54,20.17 2 0
github.com/benmorehouse/std/command/password/password.go:23.3,23.73 1 0
github.com/benmorehouse/std/command/password/password.go:20.17,22.4 1 0
github.com/benmorehouse/std/command/password/password.go:29.98,30.25 1 2
github.com/benmorehouse/std/command/password/password.go:33.2,33.39 1 1
github.com/benmorehouse/std/command/password/password.go:30.25,32.3 1 1
github.com/benmorehouse/std/command/password/password.go:36.70,39.16 3 5
github.com/benmorehouse/std/command/password/password.go:44.2,46.18 3 5
github.com/benmorehouse/std/command/password/password.go:51.2,51.52 1 5
github.com/benmorehouse/std/command/password/password.go:55.2,55.12 1 4
github.com/benmorehouse/std/command/password/password.go:39.16,42.3 2 1
github.com/benmorehouse/std/command/password/password.go:46.18,49.3 2 1
github.com/benmorehouse/std/command/password/password.go:51.52,53.3 1 1
github.com/benmorehouse/std/command/password/password.go:58.70,62.21 4 3
github.com/benmorehouse/std/command/password/password.go:67.2,68.12 2 3
github.com/benmorehouse/std/command/password/password.go:62.21,66.3 3 1
github.com/benmorehouse/std/command/password/password.go:71.13,75.2 2 1
